<?xml version="1.0" encoding="UTF-8"?>
<TestRun id="41954247-a40d-4a40-8d3c-6c51a2494fa2" name="Steve@STEVEIBPDESKTOP 2011-01-23 21:20:13" runUser="SteveIBPDesktop\Steve" xmlns="http://microsoft.com/schemas/VisualStudio/TeamTest/2010">
  <TestSettings name="Local" id="5dfdae1d-97f2-4b29-9e8d-560dd73aecf9">
    <Description>These are default test settings for a local test run.</Description>
    <Deployment enabled="false" runDeploymentRoot="Steve_STEVEIBPDESKTOP 2011-01-23 21_20_13" />
    <Execution>
      <TestTypeSpecific />
      <AgentRule name="Execution Agents">
      </AgentRule>
    </Execution>
  </TestSettings>
  <Times creation="2011-01-23T21:20:13.4042969-05:00" queuing="2011-01-23T21:20:13.6298828-05:00" start="2011-01-23T21:20:13.7998047-05:00" finish="2011-01-23T21:20:13.9726562-05:00" />
  <ResultSummary outcome="Completed">
    <Counters total="1" executed="1" passed="1" error="0" failed="0" timeout="0" aborted="0" inconclusive="0" passedButRunAborted="0" notRunnable="0" notExecuted="0" disconnected="0" warning="0" completed="0" inProgress="0" pending="0" />
  </ResultSummary>
  <TestDefinitions>
    <UnitTest name="DeferObjectCreationUntilAccess" storage="c:\users\steve\documents\my dropbox\pluralsightcurrent\010 - proxy pattern\proxydemo\proxydemo\proxydemo\bin\debug\proxydemo.dll" id="9a7573c4-624d-7ab3-50f2-739e41a12de9">
      <Execution timeOut="1800000" id="56c4eabd-f03b-473a-9490-57c68a1aac70" />
      <TestMethod codeBase="C:/Users/Steve/Documents/My Dropbox/PluralsightCurrent/010 - Proxy Pattern/ProxyDemo/ProxyDemo/ProxyDemo/bin/Debug/ProxyDemo.DLL" adapterTypeName="Microsoft.VisualStudio.TestTools.TestTypes.Unit.UnitTestAdapter, Microsoft.VisualStudio.QualityTools.Tips.UnitTest.Adapter, Version=10.0.0.0, Culture=neutral, PublicKeyToken=b03f5f7f11d50a3a" className="ProxyDemo.Tests.LazyOrderShould, ProxyDemo, Version=1.0.0.0, Culture=neutral, PublicKeyToken=null" name="DeferObjectCreationUntilAccess" />
    </UnitTest>
  </TestDefinitions>
  <TestLists>
    <TestList name="Results Not in a List" id="8c84fa94-04c1-424b-9868-57a2d4851a1d" />
    <TestList name="All Loaded Results" id="19431567-8539-422a-85d7-44ee4e166bda" />
  </TestLists>
  <TestEntries>
    <TestEntry testId="9a7573c4-624d-7ab3-50f2-739e41a12de9" executionId="56c4eabd-f03b-473a-9490-57c68a1aac70" testListId="8c84fa94-04c1-424b-9868-57a2d4851a1d" />
  </TestEntries>
  <Results>
    <UnitTestResult executionId="56c4eabd-f03b-473a-9490-57c68a1aac70" testId="9a7573c4-624d-7ab3-50f2-739e41a12de9" testName="DeferObjectCreationUntilAccess" computerName="STEVEIBPDESKTOP" duration="00:00:00.0207686" startTime="2011-01-23T21:20:13.8388672-05:00" endTime="2011-01-23T21:20:13.9130859-05:00" testType="13cdc9d9-ddb5-4fa4-a97d-d965ccfc6d4b" outcome="Passed" testListId="8c84fa94-04c1-424b-9868-57a2d4851a1d" relativeResultsDirectory="56c4eabd-f03b-473a-9490-57c68a1aac70">
      <Output>
        <StdOut>--&gt; Fetching Order 1
Displaying Order Information:
Order Date: 1/23/2011 12:00:00 AM
--&gt; Fetching Customer 1
Customer: Customer 1</StdOut>
      </Output>
    </UnitTestResult>
  </Results>
</TestRun>